[28-Jun-2025 07:00:56 UTC] PHP Warning:  include(includes/settings_sidebar.php): Failed to open stream: No such file or directory in /home/u740329344/domains/lifewaydiagnosticconnect.com/public_html/AAA/frontdesk/settings.php on line 151
[28-Jun-2025 07:00:56 UTC] PHP Warning:  include(): Failed opening 'includes/settings_sidebar.php' for inclusion (include_path='.:/opt/alt/php82/usr/share/pear:/opt/alt/php82/usr/share/php:/usr/share/pear:/usr/share/php') in /home/u740329344/domains/lifewaydiagnosticconnect.com/public_html/AAA/frontdesk/settings.php on line 151
[28-Jun-2025 07:00:58 UTC] PHP Warning:  include(includes/settings_sidebar.php): Failed to open stream: No such file or directory in /home/u740329344/domains/lifewaydiagnosticconnect.com/public_html/AAA/frontdesk/settings.php on line 151
[28-Jun-2025 07:00:58 UTC] PHP Warning:  include(): Failed opening 'includes/settings_sidebar.php' for inclusion (include_path='.:/opt/alt/php82/usr/share/pear:/opt/alt/php82/usr/share/php:/usr/share/pear:/usr/share/php') in /home/u740329344/domains/lifewaydiagnosticconnect.com/public_html/AAA/frontdesk/settings.php on line 151
[05-Jul-2025 13:34:56 UTC] PHP Warning:  Undefined array key "user_id" in /home/u740329344/domains/lifewaydiagnosticconnect.com/public_html/AAA/frontdesk/settings.php on line 126
[05-Jul-2025 13:34:56 UTC] PHP Warning:  Undefined array key "user_id" in /home/u740329344/domains/lifewaydiagnosticconnect.com/public_html/AAA/frontdesk/settings.php on line 142
[05-Jul-2025 13:34:56 UTC] PHP Warning:  Trying to access array offset on value of type bool in /home/u740329344/domains/lifewaydiagnosticconnect.com/public_html/AAA/frontdesk/settings.php on line 185
[05-Jul-2025 13:34:56 UTC] PHP Deprecated:  htmlspecialchars(): Passing null to parameter #1 ($string) of type string is deprecated in /home/u740329344/domains/lifewaydiagnosticconnect.com/public_html/AAA/frontdesk/settings.php on line 185
[05-Jul-2025 13:34:56 UTC] PHP Warning:  Trying to access array offset on value of type bool in /home/u740329344/domains/lifewaydiagnosticconnect.com/public_html/AAA/frontdesk/settings.php on line 191
[05-Jul-2025 13:34:56 UTC] PHP Deprecated:  htmlspecialchars(): Passing null to parameter #1 ($string) of type string is deprecated in /home/u740329344/domains/lifewaydiagnosticconnect.com/public_html/AAA/frontdesk/settings.php on line 191
[05-Jul-2025 13:34:56 UTC] PHP Warning:  Trying to access array offset on value of type bool in /home/u740329344/domains/lifewaydiagnosticconnect.com/public_html/AAA/frontdesk/settings.php on line 203
[05-Jul-2025 13:34:56 UTC] PHP Deprecated:  ucfirst(): Passing null to parameter #1 ($string) of type string is deprecated in /home/u740329344/domains/lifewaydiagnosticconnect.com/public_html/AAA/frontdesk/settings.php on line 203
[05-Jul-2025 13:34:56 UTC] PHP Warning:  Trying to access array offset on value of type bool in /home/u740329344/domains/lifewaydiagnosticconnect.com/public_html/AAA/frontdesk/settings.php on line 209
[05-Jul-2025 13:34:56 UTC] PHP Deprecated:  strtotime(): Passing null to parameter #1 ($datetime) of type string is deprecated in /home/u740329344/domains/lifewaydiagnosticconnect.com/public_html/AAA/frontdesk/settings.php on line 209
[05-Jul-2025 13:34:57 UTC] PHP Warning:  Undefined array key "user_id" in /home/u740329344/domains/lifewaydiagnosticconnect.com/public_html/AAA/frontdesk/settings.php on line 126
[05-Jul-2025 13:34:57 UTC] PHP Warning:  Undefined array key "user_id" in /home/u740329344/domains/lifewaydiagnosticconnect.com/public_html/AAA/frontdesk/settings.php on line 142
[05-Jul-2025 13:34:57 UTC] PHP Warning:  Trying to access array offset on value of type bool in /home/u740329344/domains/lifewaydiagnosticconnect.com/public_html/AAA/frontdesk/settings.php on line 185
[05-Jul-2025 13:34:57 UTC] PHP Deprecated:  htmlspecialchars(): Passing null to parameter #1 ($string) of type string is deprecated in /home/u740329344/domains/lifewaydiagnosticconnect.com/public_html/AAA/frontdesk/settings.php on line 185
[05-Jul-2025 13:34:57 UTC] PHP Warning:  Trying to access array offset on value of type bool in /home/u740329344/domains/lifewaydiagnosticconnect.com/public_html/AAA/frontdesk/settings.php on line 191
[05-Jul-2025 13:34:57 UTC] PHP Deprecated:  htmlspecialchars(): Passing null to parameter #1 ($string) of type string is deprecated in /home/u740329344/domains/lifewaydiagnosticconnect.com/public_html/AAA/frontdesk/settings.php on line 191
[05-Jul-2025 13:34:57 UTC] PHP Warning:  Trying to access array offset on value of type bool in /home/u740329344/domains/lifewaydiagnosticconnect.com/public_html/AAA/frontdesk/settings.php on line 203
[05-Jul-2025 13:34:57 UTC] PHP Deprecated:  ucfirst(): Passing null to parameter #1 ($string) of type string is deprecated in /home/u740329344/domains/lifewaydiagnosticconnect.com/public_html/AAA/frontdesk/settings.php on line 203
[05-Jul-2025 13:34:57 UTC] PHP Warning:  Trying to access array offset on value of type bool in /home/u740329344/domains/lifewaydiagnosticconnect.com/public_html/AAA/frontdesk/settings.php on line 209
[05-Jul-2025 13:34:57 UTC] PHP Deprecated:  strtotime(): Passing null to parameter #1 ($datetime) of type string is deprecated in /home/u740329344/domains/lifewaydiagnosticconnect.com/public_html/AAA/frontdesk/settings.php on line 209
[05-Jul-2025 13:34:57 UTC] PHP Warning:  Undefined array key "user_id" in /home/u740329344/domains/lifewaydiagnosticconnect.com/public_html/AAA/frontdesk/settings.php on line 126
[05-Jul-2025 13:34:57 UTC] PHP Warning:  Undefined array key "user_id" in /home/u740329344/domains/lifewaydiagnosticconnect.com/public_html/AAA/frontdesk/settings.php on line 142
[05-Jul-2025 13:34:57 UTC] PHP Warning:  Trying to access array offset on value of type bool in /home/u740329344/domains/lifewaydiagnosticconnect.com/public_html/AAA/frontdesk/settings.php on line 185
[05-Jul-2025 13:34:57 UTC] PHP Deprecated:  htmlspecialchars(): Passing null to parameter #1 ($string) of type string is deprecated in /home/u740329344/domains/lifewaydiagnosticconnect.com/public_html/AAA/frontdesk/settings.php on line 185
[05-Jul-2025 13:34:57 UTC] PHP Warning:  Trying to access array offset on value of type bool in /home/u740329344/domains/lifewaydiagnosticconnect.com/public_html/AAA/frontdesk/settings.php on line 191
[05-Jul-2025 13:34:57 UTC] PHP Deprecated:  htmlspecialchars(): Passing null to parameter #1 ($string) of type string is deprecated in /home/u740329344/domains/lifewaydiagnosticconnect.com/public_html/AAA/frontdesk/settings.php on line 191
[05-Jul-2025 13:34:57 UTC] PHP Warning:  Trying to access array offset on value of type bool in /home/u740329344/domains/lifewaydiagnosticconnect.com/public_html/AAA/frontdesk/settings.php on line 203
[05-Jul-2025 13:34:57 UTC] PHP Deprecated:  ucfirst(): Passing null to parameter #1 ($string) of type string is deprecated in /home/u740329344/domains/lifewaydiagnosticconnect.com/public_html/AAA/frontdesk/settings.php on line 203
[05-Jul-2025 13:34:57 UTC] PHP Warning:  Trying to access array offset on value of type bool in /home/u740329344/domains/lifewaydiagnosticconnect.com/public_html/AAA/frontdesk/settings.php on line 209
[05-Jul-2025 13:34:57 UTC] PHP Deprecated:  strtotime(): Passing null to parameter #1 ($datetime) of type string is deprecated in /home/u740329344/domains/lifewaydiagnosticconnect.com/public_html/AAA/frontdesk/settings.php on line 209
